[2024-05-17 20:49:42.054] [INFO ] [main] com.springboot.api.ApiApplication Starting ApiApplication using Java 21.0.1 with PID 52533 (/Users/baejinsu/Java_Basic/배진수/8주차/api/target/classes started by baejinsu in /Users/baejinsu/Java_Basic/배진수/8주차/api)
[2024-05-17 20:49:42.055] [INFO ] [main] com.springboot.api.ApiApplication No active profile set, falling back to 1 default profile: "default"
[2024-05-17 20:49:42.704] [INFO ] [main] org.springframework.boot.web.embedded.tomcat.TomcatWebServer Tomcat initialized with port 8080 (http)
[2024-05-17 20:49:42.711] [INFO ] [main] org.apache.coyote.http11.Http11NioProtocol Initializing ProtocolHandler ["http-nio-8080"]
[2024-05-17 20:49:42.712] [INFO ] [main] org.apache.catalina.core.StandardService Starting service [Tomcat]
[2024-05-17 20:49:42.712] [INFO ] [main] org.apache.catalina.core.StandardEngine Starting Servlet engine: [Apache Tomcat/10.1.20]
[2024-05-17 20:49:42.738] [INFO ] [main] org.apache.catalina.core.ContainerBase.[Tomcat].[localhost].[/] Initializing Spring embedded WebApplicationContext
[2024-05-17 20:49:42.738] [INFO ] [main] org.springframework.boot.web.servlet.context.ServletWebServerApplicationContext Root WebApplicationContext: initialization completed in 639 ms
[2024-05-17 20:49:43.024] [INFO ] [main] org.apache.coyote.http11.Http11NioProtocol Starting ProtocolHandler ["http-nio-8080"]
[2024-05-17 20:49:43.035] [INFO ] [main] org.springframework.boot.web.embedded.tomcat.TomcatWebServer Tomcat started on port 8080 (http) with context path ''
[2024-05-17 20:49:43.043] [INFO ] [main] com.springboot.api.ApiApplication Started ApiApplication in 1.427 seconds (process running for 2.106)
[2024-05-17 20:49:51.436] [INFO ] [http-nio-8080-exec-1] org.apache.catalina.core.ContainerBase.[Tomcat].[localhost].[/] Initializing Spring DispatcherServlet 'dispatcherServlet'
[2024-05-17 20:49:51.437] [INFO ] [http-nio-8080-exec-1] org.springframework.web.servlet.DispatcherServlet Initializing Servlet 'dispatcherServlet'
[2024-05-17 20:49:51.438] [INFO ] [http-nio-8080-exec-1] org.springframework.web.servlet.DispatcherServlet Completed initialization in 1 ms
[2024-05-17 20:49:51.459] [INFO ] [http-nio-8080-exec-1] com.springboot.api.controller.GetController getHello 메서드가 호출되었습니다.
[2024-05-17 20:50:04.192] [INFO ] [http-nio-8080-exec-3] com.springboot.api.controller.GetController getName 메서드가 호출되었습니다.
[2024-05-17 20:50:18.414] [INFO ] [http-nio-8080-exec-3] org.springdoc.api.AbstractOpenApiResource Init duration for springdoc-openapi is: 120 ms
[2024-05-17 20:51:01.142] [INFO ] [http-nio-8080-exec-3] com.springboot.api.controller.GetController getHello 메서드가 호출되었습니다.
[2024-05-17 20:52:00.471] [INFO ] [main] com.springboot.api.ApiApplication Starting ApiApplication using Java 21.0.1 with PID 52843 (/Users/baejinsu/Java_Basic/배진수/8주차/api/target/classes started by baejinsu in /Users/baejinsu/Java_Basic/배진수/8주차/api)
[2024-05-17 20:52:00.473] [INFO ] [main] com.springboot.api.ApiApplication No active profile set, falling back to 1 default profile: "default"
[2024-05-17 20:52:00.995] [INFO ] [main] org.springframework.boot.web.embedded.tomcat.TomcatWebServer Tomcat initialized with port 8080 (http)
[2024-05-17 20:52:01.002] [INFO ] [main] org.apache.coyote.http11.Http11NioProtocol Initializing ProtocolHandler ["http-nio-8080"]
[2024-05-17 20:52:01.003] [INFO ] [main] org.apache.catalina.core.StandardService Starting service [Tomcat]
[2024-05-17 20:52:01.003] [INFO ] [main] org.apache.catalina.core.StandardEngine Starting Servlet engine: [Apache Tomcat/10.1.20]
[2024-05-17 20:52:01.028] [INFO ] [main] org.apache.catalina.core.ContainerBase.[Tomcat].[localhost].[/] Initializing Spring embedded WebApplicationContext
[2024-05-17 20:52:01.029] [INFO ] [main] org.springframework.boot.web.servlet.context.ServletWebServerApplicationContext Root WebApplicationContext: initialization completed in 531 ms
[2024-05-17 20:52:01.321] [INFO ] [main] org.apache.coyote.http11.Http11NioProtocol Starting ProtocolHandler ["http-nio-8080"]
[2024-05-17 20:52:01.332] [INFO ] [main] org.springframework.boot.web.embedded.tomcat.TomcatWebServer Tomcat started on port 8080 (http) with context path ''
[2024-05-17 20:52:01.339] [INFO ] [main] com.springboot.api.ApiApplication Started ApiApplication in 1.142 seconds (process running for 1.527)
[2024-05-17 20:52:09.385] [INFO ] [http-nio-8080-exec-1] org.apache.catalina.core.ContainerBase.[Tomcat].[localhost].[/] Initializing Spring DispatcherServlet 'dispatcherServlet'
[2024-05-17 20:52:09.386] [INFO ] [http-nio-8080-exec-1] org.springframework.web.servlet.DispatcherServlet Initializing Servlet 'dispatcherServlet'
[2024-05-17 20:52:09.388] [INFO ] [http-nio-8080-exec-1] org.springframework.web.servlet.DispatcherServlet Completed initialization in 2 ms
[2024-05-17 20:52:09.698] [INFO ] [http-nio-8080-exec-4] org.springdoc.api.AbstractOpenApiResource Init duration for springdoc-openapi is: 113 ms
[2024-05-17 20:52:49.796] [INFO ] [http-nio-8080-exec-8] com.springboot.api.controller.GetController @PathVariable을 통해 들어온 값 : Wikibooks
